2022-02-01 00:27:49.850 [background-preinit] INFO  org.hibernate.validator.internal.util.Version - HV000001: Hibernate Validator 6.2.0.Final
2022-02-01 00:27:49.850 [main] INFO  com.linghang.wusthelper.wustyjs.WustYjsApplication - Starting WustYjsApplication using Java 1.8.0_271 on DESKTOP-JUI40V8 with PID 17852 (F:\JavaProjects\linghang\wusthelper\wustyjs_server\target\classes started by Leibuyun in F:\JavaProjects\linghang\wusthelper)
2022-02-01 00:27:49.854 [main] INFO  com.linghang.wusthelper.wustyjs.WustYjsApplication - The following profiles are active: dev
2022-02-01 00:27:50.904 [main] INFO  o.s.boot.web.embedded.tomcat.TomcatWebServer - Tomcat initialized with port(s): 8333 (http)
2022-02-01 00:27:50.904 [main] INFO  org.apache.catalina.core.AprLifecycleListener - An older version [1.2.25] of the Apache Tomcat Native library is installed, while Tomcat recommends a minimum version of [1.2.30]
2022-02-01 00:27:50.905 [main] INFO  org.apache.catalina.core.AprLifecycleListener - Loaded Apache Tomcat Native library [1.2.25] using APR version [1.7.0].
2022-02-01 00:27:50.905 [main] INFO  org.apache.catalina.core.AprLifecycleListener - APR capabilities: IPv6 [true], sendfile [true], accept filters [false], random [true], UDS [false].
2022-02-01 00:27:50.905 [main] INFO  org.apache.catalina.core.AprLifecycleListener - APR/OpenSSL configuration: useAprConnector [false], useOpenSSL [true]
2022-02-01 00:27:50.907 [main] INFO  org.apache.catalina.core.AprLifecycleListener - OpenSSL successfully initialized [OpenSSL 1.1.1g  21 Apr 2020]
2022-02-01 00:27:50.912 [main] INFO  org.apache.coyote.http11.Http11NioProtocol - Initializing ProtocolHandler ["http-nio-8333"]
2022-02-01 00:27:50.913 [main] INFO  org.apache.catalina.core.StandardService - Starting service [Tomcat]
2022-02-01 00:27:50.913 [main] INFO  org.apache.catalina.core.StandardEngine - Starting Servlet engine: [Apache Tomcat/9.0.56]
2022-02-01 00:27:50.980 [main] INFO  o.a.c.core.ContainerBase.[Tomcat].[localhost].[/] - Initializing Spring embedded WebApplicationContext
2022-02-01 00:27:50.981 [main] INFO  o.s.b.w.s.c.ServletWebServerApplicationContext - Root WebApplicationContext: initialization completed in 1085 ms
2022-02-01 00:27:51.853 [main] INFO  s.d.s.w.PropertySourcedRequestMappingHandlerMapping - Mapped URL path [/v2/api-docs] onto method [springfox.documentation.swagger2.web.Swagger2Controller#getDocumentation(String, HttpServletRequest)]
2022-02-01 00:27:52.000 [main] INFO  org.apache.coyote.http11.Http11NioProtocol - Starting ProtocolHandler ["http-nio-8333"]
2022-02-01 00:27:52.010 [main] INFO  o.s.boot.web.embedded.tomcat.TomcatWebServer - Tomcat started on port(s): 8333 (http) with context path ''
2022-02-01 00:27:52.011 [main] INFO  s.d.s.web.plugins.DocumentationPluginsBootstrapper - Context refreshed
2022-02-01 00:27:52.025 [main] INFO  s.d.s.web.plugins.DocumentationPluginsBootstrapper - Found 1 custom documentation plugin(s)
2022-02-01 00:27:52.043 [main] INFO  s.d.spring.web.scanners.ApiListingReferenceScanner - Scanning for api listing references
2022-02-01 00:27:52.150 [main] INFO  com.linghang.wusthelper.wustyjs.WustYjsApplication - Started WustYjsApplication in 2.694 seconds (JVM running for 2.993)
2022-02-01 00:30:32.147 [background-preinit] INFO  org.hibernate.validator.internal.util.Version - HV000001: Hibernate Validator 6.2.0.Final
2022-02-01 00:30:32.147 [main] INFO  com.linghang.wusthelper.wustyjs.WustYjsApplication - Starting WustYjsApplication using Java 1.8.0_271 on DESKTOP-JUI40V8 with PID 16636 (F:\JavaProjects\linghang\wusthelper\wustyjs_server\target\classes started by Leibuyun in F:\JavaProjects\linghang\wusthelper)
2022-02-01 00:30:32.148 [main] INFO  com.linghang.wusthelper.wustyjs.WustYjsApplication - The following profiles are active: dev
2022-02-01 00:30:33.175 [main] INFO  o.s.boot.web.embedded.tomcat.TomcatWebServer - Tomcat initialized with port(s): 8333 (http)
2022-02-01 00:30:33.176 [main] INFO  org.apache.catalina.core.AprLifecycleListener - An older version [1.2.25] of the Apache Tomcat Native library is installed, while Tomcat recommends a minimum version of [1.2.30]
2022-02-01 00:30:33.176 [main] INFO  org.apache.catalina.core.AprLifecycleListener - Loaded Apache Tomcat Native library [1.2.25] using APR version [1.7.0].
2022-02-01 00:30:33.176 [main] INFO  org.apache.catalina.core.AprLifecycleListener - APR capabilities: IPv6 [true], sendfile [true], accept filters [false], random [true], UDS [false].
2022-02-01 00:30:33.176 [main] INFO  org.apache.catalina.core.AprLifecycleListener - APR/OpenSSL configuration: useAprConnector [false], useOpenSSL [true]
2022-02-01 00:30:33.178 [main] INFO  org.apache.catalina.core.AprLifecycleListener - OpenSSL successfully initialized [OpenSSL 1.1.1g  21 Apr 2020]
2022-02-01 00:30:33.183 [main] INFO  org.apache.coyote.http11.Http11NioProtocol - Initializing ProtocolHandler ["http-nio-8333"]
2022-02-01 00:30:33.184 [main] INFO  org.apache.catalina.core.StandardService - Starting service [Tomcat]
2022-02-01 00:30:33.184 [main] INFO  org.apache.catalina.core.StandardEngine - Starting Servlet engine: [Apache Tomcat/9.0.56]
2022-02-01 00:30:33.251 [main] INFO  o.a.c.core.ContainerBase.[Tomcat].[localhost].[/] - Initializing Spring embedded WebApplicationContext
2022-02-01 00:30:33.252 [main] INFO  o.s.b.w.s.c.ServletWebServerApplicationContext - Root WebApplicationContext: initialization completed in 1062 ms
2022-02-01 00:30:34.101 [main] INFO  s.d.s.w.PropertySourcedRequestMappingHandlerMapping - Mapped URL path [/v2/api-docs] onto method [springfox.documentation.swagger2.web.Swagger2Controller#getDocumentation(String, HttpServletRequest)]
2022-02-01 00:30:34.251 [main] INFO  org.apache.coyote.http11.Http11NioProtocol - Starting ProtocolHandler ["http-nio-8333"]
2022-02-01 00:30:34.261 [main] INFO  o.s.boot.web.embedded.tomcat.TomcatWebServer - Tomcat started on port(s): 8333 (http) with context path ''
2022-02-01 00:30:34.262 [main] INFO  s.d.s.web.plugins.DocumentationPluginsBootstrapper - Context refreshed
2022-02-01 00:30:34.276 [main] INFO  s.d.s.web.plugins.DocumentationPluginsBootstrapper - Found 1 custom documentation plugin(s)
2022-02-01 00:30:34.294 [main] INFO  s.d.spring.web.scanners.ApiListingReferenceScanner - Scanning for api listing references
2022-02-01 00:30:34.398 [main] INFO  com.linghang.wusthelper.wustyjs.WustYjsApplication - Started WustYjsApplication in 2.643 seconds (JVM running for 2.937)
2022-02-01 17:09:34.334 [background-preinit] INFO  org.hibernate.validator.internal.util.Version - HV000001: Hibernate Validator 6.2.0.Final
2022-02-01 17:09:34.334 [main] INFO  com.linghang.wusthelper.wustyjs.WustYjsApplication - Starting WustYjsApplication using Java 1.8.0_271 on DESKTOP-JUI40V8 with PID 7712 (F:\JavaProjects\linghang\wusthelper\wustyjs_server\target\classes started by Leibuyun in F:\JavaProjects\linghang\wusthelper)
2022-02-01 17:09:34.336 [main] INFO  com.linghang.wusthelper.wustyjs.WustYjsApplication - The following profiles are active: dev
2022-02-01 17:09:35.368 [main] INFO  o.s.boot.web.embedded.tomcat.TomcatWebServer - Tomcat initialized with port(s): 8333 (http)
2022-02-01 17:09:35.368 [main] INFO  org.apache.catalina.core.AprLifecycleListener - An older version [1.2.25] of the Apache Tomcat Native library is installed, while Tomcat recommends a minimum version of [1.2.30]
2022-02-01 17:09:35.368 [main] INFO  org.apache.catalina.core.AprLifecycleListener - Loaded Apache Tomcat Native library [1.2.25] using APR version [1.7.0].
2022-02-01 17:09:35.368 [main] INFO  org.apache.catalina.core.AprLifecycleListener - APR capabilities: IPv6 [true], sendfile [true], accept filters [false], random [true], UDS [false].
2022-02-01 17:09:35.368 [main] INFO  org.apache.catalina.core.AprLifecycleListener - APR/OpenSSL configuration: useAprConnector [false], useOpenSSL [true]
2022-02-01 17:09:35.370 [main] INFO  org.apache.catalina.core.AprLifecycleListener - OpenSSL successfully initialized [OpenSSL 1.1.1g  21 Apr 2020]
2022-02-01 17:09:35.376 [main] INFO  org.apache.coyote.http11.Http11NioProtocol - Initializing ProtocolHandler ["http-nio-8333"]
2022-02-01 17:09:35.376 [main] INFO  org.apache.catalina.core.StandardService - Starting service [Tomcat]
2022-02-01 17:09:35.376 [main] INFO  org.apache.catalina.core.StandardEngine - Starting Servlet engine: [Apache Tomcat/9.0.56]
2022-02-01 17:09:35.444 [main] INFO  o.a.c.core.ContainerBase.[Tomcat].[localhost].[/] - Initializing Spring embedded WebApplicationContext
2022-02-01 17:09:35.445 [main] INFO  o.s.b.w.s.c.ServletWebServerApplicationContext - Root WebApplicationContext: initialization completed in 1066 ms
2022-02-01 17:09:35.847 [main] INFO  org.apache.catalina.core.StandardService - Stopping service [Tomcat]
2022-02-01 17:09:35.854 [main] INFO  o.s.b.a.l.ConditionEvaluationReportLoggingListener - 

Error starting ApplicationContext. To display the conditions report re-run your application with 'debug' enabled.
2022-02-01 17:15:53.250 [background-preinit] INFO  org.hibernate.validator.internal.util.Version - HV000001: Hibernate Validator 6.2.0.Final
2022-02-01 17:15:53.250 [main] INFO  com.linghang.wusthelper.wustyjs.WustYjsApplication - Starting WustYjsApplication using Java 1.8.0_271 on DESKTOP-JUI40V8 with PID 15744 (F:\JavaProjects\linghang\wusthelper\wustyjs_server\target\classes started by Leibuyun in F:\JavaProjects\linghang\wusthelper)
2022-02-01 17:15:53.252 [main] INFO  com.linghang.wusthelper.wustyjs.WustYjsApplication - The following profiles are active: dev
2022-02-01 17:15:54.270 [main] INFO  o.s.boot.web.embedded.tomcat.TomcatWebServer - Tomcat initialized with port(s): 8333 (http)
2022-02-01 17:15:54.271 [main] INFO  org.apache.catalina.core.AprLifecycleListener - An older version [1.2.25] of the Apache Tomcat Native library is installed, while Tomcat recommends a minimum version of [1.2.30]
2022-02-01 17:15:54.271 [main] INFO  org.apache.catalina.core.AprLifecycleListener - Loaded Apache Tomcat Native library [1.2.25] using APR version [1.7.0].
2022-02-01 17:15:54.271 [main] INFO  org.apache.catalina.core.AprLifecycleListener - APR capabilities: IPv6 [true], sendfile [true], accept filters [false], random [true], UDS [false].
2022-02-01 17:15:54.271 [main] INFO  org.apache.catalina.core.AprLifecycleListener - APR/OpenSSL configuration: useAprConnector [false], useOpenSSL [true]
2022-02-01 17:15:54.273 [main] INFO  org.apache.catalina.core.AprLifecycleListener - OpenSSL successfully initialized [OpenSSL 1.1.1g  21 Apr 2020]
2022-02-01 17:15:54.278 [main] INFO  org.apache.coyote.http11.Http11NioProtocol - Initializing ProtocolHandler ["http-nio-8333"]
2022-02-01 17:15:54.279 [main] INFO  org.apache.catalina.core.StandardService - Starting service [Tomcat]
2022-02-01 17:15:54.279 [main] INFO  org.apache.catalina.core.StandardEngine - Starting Servlet engine: [Apache Tomcat/9.0.56]
2022-02-01 17:15:54.348 [main] INFO  o.a.c.core.ContainerBase.[Tomcat].[localhost].[/] - Initializing Spring embedded WebApplicationContext
2022-02-01 17:15:54.348 [main] INFO  o.s.b.w.s.c.ServletWebServerApplicationContext - Root WebApplicationContext: initialization completed in 1055 ms
2022-02-01 17:15:54.726 [main] INFO  org.apache.catalina.core.StandardService - Stopping service [Tomcat]
2022-02-01 17:15:54.733 [main] INFO  o.s.b.a.l.ConditionEvaluationReportLoggingListener - 

Error starting ApplicationContext. To display the conditions report re-run your application with 'debug' enabled.
2022-02-01 17:16:44.680 [background-preinit] INFO  org.hibernate.validator.internal.util.Version - HV000001: Hibernate Validator 6.2.0.Final
2022-02-01 17:16:44.681 [main] INFO  com.linghang.wusthelper.wustyjs.WustYjsApplication - Starting WustYjsApplication using Java 1.8.0_271 on DESKTOP-JUI40V8 with PID 15968 (F:\JavaProjects\linghang\wusthelper\wustyjs_server\target\classes started by Leibuyun in F:\JavaProjects\linghang\wusthelper)
2022-02-01 17:16:44.682 [main] INFO  com.linghang.wusthelper.wustyjs.WustYjsApplication - The following profiles are active: dev
2022-02-01 17:16:45.732 [main] INFO  o.s.boot.web.embedded.tomcat.TomcatWebServer - Tomcat initialized with port(s): 8333 (http)
2022-02-01 17:16:45.733 [main] INFO  org.apache.catalina.core.AprLifecycleListener - An older version [1.2.25] of the Apache Tomcat Native library is installed, while Tomcat recommends a minimum version of [1.2.30]
2022-02-01 17:16:45.734 [main] INFO  org.apache.catalina.core.AprLifecycleListener - Loaded Apache Tomcat Native library [1.2.25] using APR version [1.7.0].
2022-02-01 17:16:45.734 [main] INFO  org.apache.catalina.core.AprLifecycleListener - APR capabilities: IPv6 [true], sendfile [true], accept filters [false], random [true], UDS [false].
2022-02-01 17:16:45.734 [main] INFO  org.apache.catalina.core.AprLifecycleListener - APR/OpenSSL configuration: useAprConnector [false], useOpenSSL [true]
2022-02-01 17:16:45.736 [main] INFO  org.apache.catalina.core.AprLifecycleListener - OpenSSL successfully initialized [OpenSSL 1.1.1g  21 Apr 2020]
2022-02-01 17:16:45.742 [main] INFO  org.apache.coyote.http11.Http11NioProtocol - Initializing ProtocolHandler ["http-nio-8333"]
2022-02-01 17:16:45.743 [main] INFO  org.apache.catalina.core.StandardService - Starting service [Tomcat]
2022-02-01 17:16:45.743 [main] INFO  org.apache.catalina.core.StandardEngine - Starting Servlet engine: [Apache Tomcat/9.0.56]
2022-02-01 17:16:45.812 [main] INFO  o.a.c.core.ContainerBase.[Tomcat].[localhost].[/] - Initializing Spring embedded WebApplicationContext
2022-02-01 17:16:45.812 [main] INFO  o.s.b.w.s.c.ServletWebServerApplicationContext - Root WebApplicationContext: initialization completed in 1088 ms
2022-02-01 17:16:46.202 [main] INFO  org.apache.catalina.core.StandardService - Stopping service [Tomcat]
2022-02-01 17:16:46.208 [main] INFO  o.s.b.a.l.ConditionEvaluationReportLoggingListener - 

Error starting ApplicationContext. To display the conditions report re-run your application with 'debug' enabled.
2022-02-01 17:20:16.561 [background-preinit] INFO  org.hibernate.validator.internal.util.Version - HV000001: Hibernate Validator 6.2.0.Final
2022-02-01 17:20:16.561 [main] INFO  com.linghang.wusthelper.wustyjs.WustYjsApplication - Starting WustYjsApplication using Java 1.8.0_271 on DESKTOP-JUI40V8 with PID 680 (F:\JavaProjects\linghang\wusthelper\wustyjs_server\target\classes started by Leibuyun in F:\JavaProjects\linghang\wusthelper)
2022-02-01 17:20:16.563 [main] INFO  com.linghang.wusthelper.wustyjs.WustYjsApplication - The following profiles are active: dev
2022-02-01 17:20:17.609 [main] INFO  o.s.boot.web.embedded.tomcat.TomcatWebServer - Tomcat initialized with port(s): 8333 (http)
2022-02-01 17:20:17.610 [main] INFO  org.apache.catalina.core.AprLifecycleListener - An older version [1.2.25] of the Apache Tomcat Native library is installed, while Tomcat recommends a minimum version of [1.2.30]
2022-02-01 17:20:17.610 [main] INFO  org.apache.catalina.core.AprLifecycleListener - Loaded Apache Tomcat Native library [1.2.25] using APR version [1.7.0].
2022-02-01 17:20:17.610 [main] INFO  org.apache.catalina.core.AprLifecycleListener - APR capabilities: IPv6 [true], sendfile [true], accept filters [false], random [true], UDS [false].
2022-02-01 17:20:17.610 [main] INFO  org.apache.catalina.core.AprLifecycleListener - APR/OpenSSL configuration: useAprConnector [false], useOpenSSL [true]
2022-02-01 17:20:17.612 [main] INFO  org.apache.catalina.core.AprLifecycleListener - OpenSSL successfully initialized [OpenSSL 1.1.1g  21 Apr 2020]
2022-02-01 17:20:17.617 [main] INFO  org.apache.coyote.http11.Http11NioProtocol - Initializing ProtocolHandler ["http-nio-8333"]
2022-02-01 17:20:17.618 [main] INFO  org.apache.catalina.core.StandardService - Starting service [Tomcat]
2022-02-01 17:20:17.618 [main] INFO  org.apache.catalina.core.StandardEngine - Starting Servlet engine: [Apache Tomcat/9.0.56]
2022-02-01 17:20:17.686 [main] INFO  o.a.c.core.ContainerBase.[Tomcat].[localhost].[/] - Initializing Spring embedded WebApplicationContext
2022-02-01 17:20:17.686 [main] INFO  o.s.b.w.s.c.ServletWebServerApplicationContext - Root WebApplicationContext: initialization completed in 1082 ms
2022-02-01 17:20:18.543 [main] INFO  s.d.s.w.PropertySourcedRequestMappingHandlerMapping - Mapped URL path [/v2/api-docs] onto method [springfox.documentation.swagger2.web.Swagger2Controller#getDocumentation(String, HttpServletRequest)]
2022-02-01 17:20:18.693 [main] INFO  org.apache.coyote.http11.Http11NioProtocol - Starting ProtocolHandler ["http-nio-8333"]
2022-02-01 17:20:18.704 [main] INFO  o.s.boot.web.embedded.tomcat.TomcatWebServer - Tomcat started on port(s): 8333 (http) with context path ''
2022-02-01 17:20:18.704 [main] INFO  s.d.s.web.plugins.DocumentationPluginsBootstrapper - Context refreshed
2022-02-01 17:20:18.715 [main] INFO  s.d.s.web.plugins.DocumentationPluginsBootstrapper - Found 1 custom documentation plugin(s)
2022-02-01 17:20:18.737 [main] INFO  s.d.spring.web.scanners.ApiListingReferenceScanner - Scanning for api listing references
2022-02-01 17:20:18.840 [main] INFO  com.linghang.wusthelper.wustyjs.WustYjsApplication - Started WustYjsApplication in 2.671 seconds (JVM running for 2.956)
2022-02-01 17:26:18.393 [http-nio-8333-exec-1] INFO  o.a.c.core.ContainerBase.[Tomcat].[localhost].[/] - Initializing Spring DispatcherServlet 'dispatcherServlet'
2022-02-01 17:26:18.393 [http-nio-8333-exec-1] INFO  org.springframework.web.servlet.DispatcherServlet - Initializing Servlet 'dispatcherServlet'
2022-02-01 17:26:18.394 [http-nio-8333-exec-1] INFO  org.springframework.web.servlet.DispatcherServlet - Completed initialization in 1 ms
2022-02-01 17:26:18.530 [http-nio-8333-exec-1] INFO  com.zaxxer.hikari.HikariDataSource - HikariPool-1 - Starting...
2022-02-01 17:26:18.620 [http-nio-8333-exec-1] INFO  com.zaxxer.hikari.HikariDataSource - HikariPool-1 - Start completed.
2022-02-01 17:26:20.139 [http-nio-8333-exec-1] INFO  c.l.w.wustyjs.service.impl.SpiderServiceImpl - 202009703077:2次登录成功
